[2022-10-28 00:00:07,112] {taskinstance.py:1159} INFO - Dependencies all met for <TaskInstance: user_processing.extract_user scheduled__2022-10-27T00:00:00+00:00 [queued]>
[2022-10-28 00:00:07,121] {taskinstance.py:1159} INFO - Dependencies all met for <TaskInstance: user_processing.extract_user scheduled__2022-10-27T00:00:00+00:00 [queued]>
[2022-10-28 00:00:07,123] {taskinstance.py:1356} INFO - 
--------------------------------------------------------------------------------
[2022-10-28 00:00:07,125] {taskinstance.py:1357} INFO - Starting attempt 1 of 1
[2022-10-28 00:00:07,127] {taskinstance.py:1358} INFO - 
--------------------------------------------------------------------------------
[2022-10-28 00:00:07,138] {taskinstance.py:1377} INFO - Executing <Task(SimpleHttpOperator): extract_user> on 2022-10-27 00:00:00+00:00
[2022-10-28 00:00:07,143] {standard_task_runner.py:52} INFO - Started process 8339 to run task
[2022-10-28 00:00:07,152] {standard_task_runner.py:79} INFO - Running: ['***', 'tasks', 'run', 'user_processing', 'extract_user', 'scheduled__2022-10-27T00:00:00+00:00', '--job-id', '38', '--raw', '--subdir', 'DAGS_FOLDER/user_processing.py', '--cfg-path', '/tmp/tmpv47sz_rm', '--error-file', '/tmp/tmp8fh2wr67']
[2022-10-28 00:00:07,155] {standard_task_runner.py:80} INFO - Job 38: Subtask extract_user
[2022-10-28 00:00:07,228] {task_command.py:369} INFO - Running <TaskInstance: user_processing.extract_user scheduled__2022-10-27T00:00:00+00:00 [running]> on host 19f0eed441f9
[2022-10-28 00:00:07,284] {taskinstance.py:1571} INFO - Exporting the following env vars:
AIRFLOW_CTX_DAG_OWNER=***
AIRFLOW_CTX_DAG_ID=user_processing
AIRFLOW_CTX_TASK_ID=extract_user
AIRFLOW_CTX_EXECUTION_DATE=2022-10-27T00:00:00+00:00
AIRFLOW_CTX_TRY_NUMBER=1
AIRFLOW_CTX_DAG_RUN_ID=scheduled__2022-10-27T00:00:00+00:00
[2022-10-28 00:00:07,287] {http.py:102} INFO - Calling HTTP method
[2022-10-28 00:00:07,297] {base.py:68} INFO - Using connection ID 'user_api' for task execution.
[2022-10-28 00:00:07,299] {http.py:129} INFO - Sending 'GET' to url: https://randomuser.me/api/
[2022-10-28 00:00:07,932] {http.py:106} INFO - {"results":[{"gender":"female","name":{"title":"Mrs","first":"Hailey","last":"Lam"},"location":{"street":{"number":691,"name":"Lake of Bays Road"},"city":"Summerside","state":"Alberta","country":"Canada","postcode":"W7I 2H9","coordinates":{"latitude":"-69.7020","longitude":"57.5417"},"timezone":{"offset":"+10:00","description":"Eastern Australia, Guam, Vladivostok"}},"email":"hailey.lam@example.com","login":{"uuid":"775f19d0-f95e-421c-ae73-f3dc9c374c38","username":"brownzebra293","password":"hoosiers","salt":"Lw6lgXj3","md5":"ff5267dc97f289b61311e78a993a2791","sha1":"21988bc36671e3823fc58b6aab09c29965b55125","sha256":"34811f1fbe5d85a0aaeaa090ac3f557b5232d3e5dcd00697342d17a7abcf5062"},"dob":{"date":"1992-10-30T13:36:20.380Z","age":29},"registered":{"date":"2017-12-29T10:30:52.848Z","age":4},"phone":"U24 H82-5201","cell":"J80 L00-0142","id":{"name":"SIN","value":"583372214"},"picture":{"large":"https://randomuser.me/api/portraits/women/57.jpg","medium":"https://randomuser.me/api/portraits/med/women/57.jpg","thumbnail":"https://randomuser.me/api/portraits/thumb/women/57.jpg"},"nat":"CA"}],"info":{"seed":"868926805ea970ca","results":1,"page":1,"version":"1.4"}}
[2022-10-28 00:00:08,016] {taskinstance.py:1400} INFO - Marking task as SUCCESS. dag_id=user_processing, task_id=extract_user, execution_date=20221027T000000, start_date=20221028T000007, end_date=20221028T000008
[2022-10-28 00:00:08,060] {local_task_job.py:156} INFO - Task exited with return code 0
[2022-10-28 00:00:08,108] {local_task_job.py:273} INFO - 1 downstream tasks scheduled from follow-on schedule check
