[2022-10-27 02:16:26,353] {taskinstance.py:1159} INFO - Dependencies all met for <TaskInstance: user_processing.extract_user scheduled__2022-10-26T00:00:00+00:00 [queued]>
[2022-10-27 02:16:26,369] {taskinstance.py:1159} INFO - Dependencies all met for <TaskInstance: user_processing.extract_user scheduled__2022-10-26T00:00:00+00:00 [queued]>
[2022-10-27 02:16:26,369] {taskinstance.py:1356} INFO - 
--------------------------------------------------------------------------------
[2022-10-27 02:16:26,371] {taskinstance.py:1357} INFO - Starting attempt 1 of 1
[2022-10-27 02:16:26,372] {taskinstance.py:1358} INFO - 
--------------------------------------------------------------------------------
[2022-10-27 02:16:26,384] {taskinstance.py:1377} INFO - Executing <Task(SimpleHttpOperator): extract_user> on 2022-10-26 00:00:00+00:00
[2022-10-27 02:16:26,405] {standard_task_runner.py:52} INFO - Started process 150 to run task
[2022-10-27 02:16:26,419] {standard_task_runner.py:79} INFO - Running: ['***', 'tasks', 'run', 'user_processing', 'extract_user', 'scheduled__2022-10-26T00:00:00+00:00', '--job-id', '8', '--raw', '--subdir', 'DAGS_FOLDER/user_processing.py', '--cfg-path', '/tmp/tmproyuc2o4', '--error-file', '/tmp/tmpzayn4y1m']
[2022-10-27 02:16:26,422] {standard_task_runner.py:80} INFO - Job 8: Subtask extract_user
[2022-10-27 02:16:26,541] {task_command.py:369} INFO - Running <TaskInstance: user_processing.extract_user scheduled__2022-10-26T00:00:00+00:00 [running]> on host 18112c9f481e
[2022-10-27 02:16:26,671] {taskinstance.py:1571} INFO - Exporting the following env vars:
AIRFLOW_CTX_DAG_OWNER=***
AIRFLOW_CTX_DAG_ID=user_processing
AIRFLOW_CTX_TASK_ID=extract_user
AIRFLOW_CTX_EXECUTION_DATE=2022-10-26T00:00:00+00:00
AIRFLOW_CTX_TRY_NUMBER=1
AIRFLOW_CTX_DAG_RUN_ID=scheduled__2022-10-26T00:00:00+00:00
[2022-10-27 02:16:26,679] {http.py:102} INFO - Calling HTTP method
[2022-10-27 02:16:26,696] {base.py:68} INFO - Using connection ID 'user_api' for task execution.
[2022-10-27 02:16:26,724] {http.py:129} INFO - Sending 'GET' to url: https://randomuser.me/api/
[2022-10-27 02:16:27,456] {http.py:106} INFO - {"results":[{"gender":"female","name":{"title":"Miss","first":"النا","last":"صدر"},"location":{"street":{"number":7016,"name":"آیت الله کاشانی"},"city":"کرمان","state":"زنجان","country":"Iran","postcode":16022,"coordinates":{"latitude":"18.7794","longitude":"13.6869"},"timezone":{"offset":"-6:00","description":"Central Time (US & Canada), Mexico City"}},"email":"ln.sdr@example.com","login":{"uuid":"2613b1e6-1fc4-41c4-87d8-6b54f598f304","username":"orangegorilla769","password":"sports","salt":"7WrgUqHC","md5":"e464b2a616209d029d758fab1b57f44e","sha1":"b75aa8df704d67de168667de468752c2e943d214","sha256":"601cfea823c90e83310e10ab35b36eef90e99a42a7ff25438b98f2e728ef45d4"},"dob":{"date":"1965-10-28T20:42:13.395Z","age":56},"registered":{"date":"2008-02-10T09:59:44.669Z","age":14},"phone":"035-59102518","cell":"0909-185-0105","id":{"name":"","value":null},"picture":{"large":"https://randomuser.me/api/portraits/women/91.jpg","medium":"https://randomuser.me/api/portraits/med/women/91.jpg","thumbnail":"https://randomuser.me/api/portraits/thumb/women/91.jpg"},"nat":"IR"}],"info":{"seed":"d6f864ef8fcd282a","results":1,"page":1,"version":"1.4"}}
[2022-10-27 02:16:27,510] {taskinstance.py:1400} INFO - Marking task as SUCCESS. dag_id=user_processing, task_id=extract_user, execution_date=20221026T000000, start_date=20221027T021626, end_date=20221027T021627
[2022-10-27 02:16:27,568] {local_task_job.py:156} INFO - Task exited with return code 0
[2022-10-27 02:16:27,653] {local_task_job.py:273} INFO - 0 downstream tasks scheduled from follow-on schedule check
