[2022-10-27 02:28:34,116] {taskinstance.py:1159} INFO - Dependencies all met for <TaskInstance: user_processing.extract_user manual__2022-10-27T02:28:29.323113+00:00 [queued]>
[2022-10-27 02:28:34,124] {taskinstance.py:1159} INFO - Dependencies all met for <TaskInstance: user_processing.extract_user manual__2022-10-27T02:28:29.323113+00:00 [queued]>
[2022-10-27 02:28:34,125] {taskinstance.py:1356} INFO - 
--------------------------------------------------------------------------------
[2022-10-27 02:28:34,125] {taskinstance.py:1357} INFO - Starting attempt 1 of 1
[2022-10-27 02:28:34,126] {taskinstance.py:1358} INFO - 
--------------------------------------------------------------------------------
[2022-10-27 02:28:34,136] {taskinstance.py:1377} INFO - Executing <Task(SimpleHttpOperator): extract_user> on 2022-10-27 02:28:29.323113+00:00
[2022-10-27 02:28:34,143] {standard_task_runner.py:52} INFO - Started process 757 to run task
[2022-10-27 02:28:34,146] {standard_task_runner.py:79} INFO - Running: ['***', 'tasks', 'run', 'user_processing', 'extract_user', 'manual__2022-10-27T02:28:29.323113+00:00', '--job-id', '18', '--raw', '--subdir', 'DAGS_FOLDER/user_processing.py', '--cfg-path', '/tmp/tmp5nx6palf', '--error-file', '/tmp/tmp7jduevrq']
[2022-10-27 02:28:34,148] {standard_task_runner.py:80} INFO - Job 18: Subtask extract_user
[2022-10-27 02:28:34,224] {task_command.py:369} INFO - Running <TaskInstance: user_processing.extract_user manual__2022-10-27T02:28:29.323113+00:00 [running]> on host 18112c9f481e
[2022-10-27 02:28:34,303] {taskinstance.py:1571} INFO - Exporting the following env vars:
AIRFLOW_CTX_DAG_OWNER=***
AIRFLOW_CTX_DAG_ID=user_processing
AIRFLOW_CTX_TASK_ID=extract_user
AIRFLOW_CTX_EXECUTION_DATE=2022-10-27T02:28:29.323113+00:00
AIRFLOW_CTX_TRY_NUMBER=1
AIRFLOW_CTX_DAG_RUN_ID=manual__2022-10-27T02:28:29.323113+00:00
[2022-10-27 02:28:34,308] {http.py:102} INFO - Calling HTTP method
[2022-10-27 02:28:34,329] {base.py:68} INFO - Using connection ID 'user_api' for task execution.
[2022-10-27 02:28:34,340] {http.py:129} INFO - Sending 'GET' to url: https://randomuser.me/api/
[2022-10-27 02:28:35,289] {http.py:106} INFO - {"results":[{"gender":"male","name":{"title":"Mr","first":"Jaime","last":"Gutiérrez"},"location":{"street":{"number":7504,"name":"Calle de La Luna"},"city":"Albacete","state":"País Vasco","country":"Spain","postcode":51515,"coordinates":{"latitude":"-36.3820","longitude":"-136.3035"},"timezone":{"offset":"0:00","description":"Western Europe Time, London, Lisbon, Casablanca"}},"email":"jaime.gutierrez@example.com","login":{"uuid":"867c80e7-a67f-4f98-85d4-09dc8e1014f5","username":"ticklishfish155","password":"freefree","salt":"OzE79KHa","md5":"c7fa29ef98085041954d560d7f60ab83","sha1":"0f3477ad704d561d8ab4f4f8af12d29ef9b8370d","sha256":"be1998c022bab02f26e79404fe7727398ee5ce5761b0489bd28a567b58a1f663"},"dob":{"date":"1976-10-03T15:43:58.057Z","age":46},"registered":{"date":"2019-06-22T16:28:14.311Z","age":3},"phone":"958-001-293","cell":"684-058-539","id":{"name":"DNI","value":"25431128-K"},"picture":{"large":"https://randomuser.me/api/portraits/men/75.jpg","medium":"https://randomuser.me/api/portraits/med/men/75.jpg","thumbnail":"https://randomuser.me/api/portraits/thumb/men/75.jpg"},"nat":"ES"}],"info":{"seed":"a07e448e5dd8238c","results":1,"page":1,"version":"1.4"}}
[2022-10-27 02:28:35,336] {taskinstance.py:1400} INFO - Marking task as SUCCESS. dag_id=user_processing, task_id=extract_user, execution_date=20221027T022829, start_date=20221027T022834, end_date=20221027T022835
[2022-10-27 02:28:35,400] {local_task_job.py:156} INFO - Task exited with return code 0
[2022-10-27 02:28:35,451] {local_task_job.py:273} INFO - 1 downstream tasks scheduled from follow-on schedule check
