[2022-10-27 02:20:20,043] {taskinstance.py:1159} INFO - Dependencies all met for <TaskInstance: user_processing.extract_user manual__2022-10-27T02:20:17.398602+00:00 [queued]>
[2022-10-27 02:20:20,111] {taskinstance.py:1159} INFO - Dependencies all met for <TaskInstance: user_processing.extract_user manual__2022-10-27T02:20:17.398602+00:00 [queued]>
[2022-10-27 02:20:20,113] {taskinstance.py:1356} INFO - 
--------------------------------------------------------------------------------
[2022-10-27 02:20:20,118] {taskinstance.py:1357} INFO - Starting attempt 1 of 1
[2022-10-27 02:20:20,125] {taskinstance.py:1358} INFO - 
--------------------------------------------------------------------------------
[2022-10-27 02:20:20,196] {taskinstance.py:1377} INFO - Executing <Task(SimpleHttpOperator): extract_user> on 2022-10-27 02:20:17.398602+00:00
[2022-10-27 02:20:20,265] {standard_task_runner.py:52} INFO - Started process 349 to run task
[2022-10-27 02:20:20,292] {standard_task_runner.py:79} INFO - Running: ['***', 'tasks', 'run', 'user_processing', 'extract_user', 'manual__2022-10-27T02:20:17.398602+00:00', '--job-id', '14', '--raw', '--subdir', 'DAGS_FOLDER/user_processing.py', '--cfg-path', '/tmp/tmpo61r4mtt', '--error-file', '/tmp/tmp1zkviwr3']
[2022-10-27 02:20:20,302] {standard_task_runner.py:80} INFO - Job 14: Subtask extract_user
[2022-10-27 02:20:20,462] {task_command.py:369} INFO - Running <TaskInstance: user_processing.extract_user manual__2022-10-27T02:20:17.398602+00:00 [running]> on host 18112c9f481e
[2022-10-27 02:20:20,585] {taskinstance.py:1571} INFO - Exporting the following env vars:
AIRFLOW_CTX_DAG_OWNER=***
AIRFLOW_CTX_DAG_ID=user_processing
AIRFLOW_CTX_TASK_ID=extract_user
AIRFLOW_CTX_EXECUTION_DATE=2022-10-27T02:20:17.398602+00:00
AIRFLOW_CTX_TRY_NUMBER=1
AIRFLOW_CTX_DAG_RUN_ID=manual__2022-10-27T02:20:17.398602+00:00
[2022-10-27 02:20:20,591] {http.py:102} INFO - Calling HTTP method
[2022-10-27 02:20:20,615] {base.py:68} INFO - Using connection ID 'user_api' for task execution.
[2022-10-27 02:20:20,632] {http.py:129} INFO - Sending 'GET' to url: https://randomuser.me/api/
[2022-10-27 02:20:21,263] {http.py:106} INFO - {"results":[{"gender":"male","name":{"title":"Mr","first":"Antonio","last":"Castellanos"},"location":{"street":{"number":5341,"name":"Cerrada Congo"},"city":"San Baltazar Temaxcalac","state":"Morelos","country":"Mexico","postcode":42570,"coordinates":{"latitude":"21.5501","longitude":"-40.6063"},"timezone":{"offset":"+3:30","description":"Tehran"}},"email":"antonio.castellanos@example.com","login":{"uuid":"13984a85-6985-417f-ab64-f9d5ebc68392","username":"greenelephant958","password":"pigpen","salt":"AJHtfE9j","md5":"0e2b0a666b77afd455690885bd02cc2e","sha1":"cf152bacae408d00c34fb644fb57b9b85b5121d1","sha256":"855a04f75f35868333cddd4bf3acae858362a80987e970f1d14b51eed730254d"},"dob":{"date":"1976-12-19T03:48:18.555Z","age":45},"registered":{"date":"2019-01-02T21:38:34.575Z","age":3},"phone":"(697) 745 2514","cell":"(661) 655 3115","id":{"name":"NSS","value":"45 84 67 7415 2"},"picture":{"large":"https://randomuser.me/api/portraits/men/33.jpg","medium":"https://randomuser.me/api/portraits/med/men/33.jpg","thumbnail":"https://randomuser.me/api/portraits/thumb/men/33.jpg"},"nat":"MX"}],"info":{"seed":"447269119de2a04f","results":1,"page":1,"version":"1.4"}}
[2022-10-27 02:20:21,313] {taskinstance.py:1400} INFO - Marking task as SUCCESS. dag_id=user_processing, task_id=extract_user, execution_date=20221027T022017, start_date=20221027T022020, end_date=20221027T022021
[2022-10-27 02:20:21,367] {local_task_job.py:156} INFO - Task exited with return code 0
[2022-10-27 02:20:21,431] {local_task_job.py:273} INFO - 0 downstream tasks scheduled from follow-on schedule check
